In file included from [01m[K/opt/ros/noetic/include/ros/ros.h:40[m[K,
                 from [01m[K/home/student/Documents/RoboticaIndustrial/Proyecto/ros_ws/src/rescue/src/main.cpp:1[m[K:
[01m[K/home/student/Documents/RoboticaIndustrial/Proyecto/ros_ws/src/rescue/src/main.cpp:[m[K In function ‘[01m[Kint main(int, char**)[m[K’:
[01m[K/home/student/Documents/RoboticaIndustrial/Proyecto/ros_ws/src/rescue/src/main.cpp:13:42:[m[K [01;31m[Kerror: [m[K‘[01m[Kcounter[m[K’ was not declared in this scope
   13 |         ROS_INFO_STREAM("Hello world" << [01;31m[Kcounter[m[K);
      |                                          [01;31m[K^~~~~~~[m[K
[01m[K/opt/ros/noetic/include/ros/console.h:361:64:[m[K [01;36m[Knote: [m[Kin definition of macro ‘[01m[KROSCONSOLE_PRINT_STREAM_AT_LOCATION_WITH_FILTER[m[K’
  361 |     __rosconsole_print_stream_at_location_with_filter__ss__ << [01;36m[Kargs[m[K; \
      |                                                                [01;36m[K^~~~[m[K
[01m[K/opt/ros/noetic/include/ros/console.h:409:7:[m[K [01;36m[Knote: [m[Kin expansion of macro ‘[01m[KROSCONSOLE_PRINT_STREAM_AT_LOCATION[m[K’
  409 |       [01;36m[KROSCONSOLE_PRINT_STREAM_AT_LOCATION[m[K(args); \
      |       [01;36m[K^~~~~~~~~~~~~~~~~~~~~~~~~~~~~~~~~~~[m[K
[01m[K/opt/ros/noetic/include/ros/console.h:582:43:[m[K [01;36m[Knote: [m[Kin expansion of macro ‘[01m[KROS_LOG_STREAM_COND[m[K’
  582 | #define ROS_LOG_STREAM(level, name, args) [01;36m[KROS_LOG_STREAM_COND[m[K(true, level, name, args)
      |                                           [01;36m[K^~~~~~~~~~~~~~~~~~~[m[K
[01m[K/opt/ros/noetic/include/rosconsole/macros_generated.h:111:31:[m[K [01;36m[Knote: [m[Kin expansion of macro ‘[01m[KROS_LOG_STREAM[m[K’
  111 | #define ROS_INFO_STREAM(args) [01;36m[KROS_LOG_STREAM[m[K(::ros::console::levels::Info, ROSCONSOLE_DEFAULT_NAME, args)
      |                               [01;36m[K^~~~~~~~~~~~~~[m[K
[01m[K/home/student/Documents/RoboticaIndustrial/Proyecto/ros_ws/src/rescue/src/main.cpp:13:9:[m[K [01;36m[Knote: [m[Kin expansion of macro ‘[01m[KROS_INFO_STREAM[m[K’
   13 |         [01;36m[KROS_INFO_STREAM[m[K("Hello world" << counter);
      |         [01;36m[K^~~~~~~~~~~~~~~[m[K
[01m[K/home/student/Documents/RoboticaIndustrial/Proyecto/ros_ws/src/rescue/src/main.cpp:14:9:[m[K [01;31m[Kerror: [m[K‘[01m[Kcounter[m[K’ was not declared in this scope
   14 |         [01;31m[Kcounter[m[K++;
      |         [01;31m[K^~~~~~~[m[K
make[2]: *** [CMakeFiles/hello_world_node.dir/build.make:63: CMakeFiles/hello_world_node.dir/src/main.cpp.o] Error 1
make[1]: *** [CMakeFiles/Makefile2:560: CMakeFiles/hello_world_node.dir/all] Error 2
make: *** [Makefile:141: all] Error 2
