[01m[K/home/student/Documents/RoboticaIndustrial/Proyecto/ros_ws/src/rescue/src/reference_node.cpp:[m[K In function ‘[01m[Kint main(int, char**)[m[K’:
[01m[K/home/student/Documents/RoboticaIndustrial/Proyecto/ros_ws/src/rescue/src/reference_node.cpp:41:41:[m[K [01;31m[Kerror: [m[Kno matching function for call to ‘[01m[Kstd_msgs::Int8_<std::allocator<void> >::Int8_(int&)[m[K’
   41 |         msg.data = std_msgs::Int8(x_coor[01;31m[K)[m[K;
      |                                         [01;31m[K^[m[K
In file included from [01m[K/home/student/Documents/RoboticaIndustrial/Proyecto/ros_ws/src/rescue/src/reference_node.cpp:8[m[K:
[01m[K/opt/ros/noetic/include/std_msgs/Int8.h:29:3:[m[K [01;36m[Knote: [m[Kcandidate: ‘[01m[Kstd_msgs::Int8_<ContainerAllocator>::Int8_(const ContainerAllocator&) [with ContainerAllocator = std::allocator<void>][m[K’
   29 |   [01;36m[KInt8_[m[K(const ContainerAllocator& _alloc)
      |   [01;36m[K^~~~~[m[K
[01m[K/opt/ros/noetic/include/std_msgs/Int8.h:29:35:[m[K [01;36m[Knote: [m[K  no known conversion for argument 1 from ‘[01m[Kint[m[K’ to ‘[01m[Kconst std::allocator<void>&[m[K’
   29 |   Int8_([01;36m[Kconst ContainerAllocator& _alloc[m[K)
      |         [01;36m[K~~~~~~~~~~~~~~~~~~~~~~~~~~^~~~~~[m[K
[01m[K/opt/ros/noetic/include/std_msgs/Int8.h:26:3:[m[K [01;36m[Knote: [m[Kcandidate: ‘[01m[Kstd_msgs::Int8_<ContainerAllocator>::Int8_() [with ContainerAllocator = std::allocator<void>][m[K’
   26 |   [01;36m[KInt8_[m[K()
      |   [01;36m[K^~~~~[m[K
[01m[K/opt/ros/noetic/include/std_msgs/Int8.h:26:3:[m[K [01;36m[Knote: [m[K  candidate expects 0 arguments, 1 provided
[01m[K/opt/ros/noetic/include/std_msgs/Int8.h:22:8:[m[K [01;36m[Knote: [m[Kcandidate: ‘[01m[Kconstexpr std_msgs::Int8_<std::allocator<void> >::Int8_(const std_msgs::Int8_<std::allocator<void> >&)[m[K’
   22 | struct [01;36m[KInt8_[m[K
      |        [01;36m[K^~~~~[m[K
[01m[K/opt/ros/noetic/include/std_msgs/Int8.h:22:8:[m[K [01;36m[Knote: [m[K  no known conversion for argument 1 from ‘[01m[Kint[m[K’ to ‘[01m[Kconst std_msgs::Int8_<std::allocator<void> >&[m[K’
[01m[K/opt/ros/noetic/include/std_msgs/Int8.h:22:8:[m[K [01;36m[Knote: [m[Kcandidate: ‘[01m[Kconstexpr std_msgs::Int8_<std::allocator<void> >::Int8_(std_msgs::Int8_<std::allocator<void> >&&)[m[K’
[01m[K/opt/ros/noetic/include/std_msgs/Int8.h:22:8:[m[K [01;36m[Knote: [m[K  no known conversion for argument 1 from ‘[01m[Kint[m[K’ to ‘[01m[Kstd_msgs::Int8_<std::allocator<void> >&&[m[K’
make[2]: *** [CMakeFiles/reference_node.dir/build.make:63: CMakeFiles/reference_node.dir/src/reference_node.cpp.o] Error 1
make[1]: *** [CMakeFiles/Makefile2:205: CMakeFiles/reference_node.dir/all] Error 2
make: *** [Makefile:141: all] Error 2
